<?xml version="1.0" encoding="UTF-8"?>
<testng-results skipped="0" failed="1" ignored="0" total="5" passed="4">
  <reporter-output>
  </reporter-output>
  <suite name="API AUTOMATION PROJECT" duration-ms="14289" started-at="2019-08-04T13:45:38Z" finished-at="2019-08-04T13:45:52Z">
    <groups>
    </groups>
    <test name="API AUTOMATION TASK" duration-ms="14289" started-at="2019-08-04T13:45:38Z" finished-at="2019-08-04T13:45:52Z">
      <class name="TestCases.GetAll_Employees_Test">
        <test-method status="PASS" signature="Setup()[pri:0, instance:TestCases.GetAll_Employees_Test@6e1567f1]" name="Setup" is-config="true" duration-ms="1" started-at="2019-08-04T13:45:43Z" finished-at="2019-08-04T13:45:43Z">
          <reporter-output>
          </reporter-output>
        </test-method> <!-- Setup -->
        <test-method status="PASS" signature="getAllEmployeeData()[pri:1, instance:TestCases.GetAll_Employees_Test@6e1567f1]" name="getAllEmployeeData" duration-ms="9473" started-at="2019-08-04T13:45:43Z" description="Fetch all the listed Employee data" finished-at="2019-08-04T13:45:52Z">
          <reporter-output>
          </reporter-output>
        </test-method> <!-- getAllEmployeeData -->
      </class> <!-- TestCases.GetAll_Employees_Test -->
      <class name="TestCases.DeleteEmployeeTest">
        <test-method status="PASS" signature="Setup()[pri:0, instance:TestCases.DeleteEmployeeTest@59494225]" name="Setup" is-config="true" duration-ms="1" started-at="2019-08-04T13:45:43Z" finished-at="2019-08-04T13:45:43Z">
          <reporter-output>
          </reporter-output>
        </test-method> <!-- Setup -->
        <test-method status="FAIL" signature="deleteEmployee()[pri:1, instance:TestCases.DeleteEmployeeTest@59494225]" name="deleteEmployee" duration-ms="19" started-at="2019-08-04T13:45:43Z" description="Created employee data will be deleted." finished-at="2019-08-04T13:45:43Z">
          <exception class="java.lang.AssertionError">
            <message>
              <![CDATA[
Expecting actual not to be null]]>
            </message>
            <full-stacktrace>
              <![CDATA[java.lang.AssertionError: 
Expecting actual not to be null
at TestCases.GetSingleEmployeeTest.fetchID(GetSingleEmployeeTest.java:40)
at TestCases.DeleteEmployeeTest.deleteEmployee(DeleteEmployeeTest.java:21)
at sun.reflect.NativeMethodAccessorImpl.invoke0(Native Method)
at sun.reflect.NativeMethodAccessorImpl.invoke(NativeMethodAccessorImpl.java:62)
at sun.reflect.DelegatingMethodAccessorImpl.invoke(DelegatingMethodAccessorImpl.java:43)
at java.lang.reflect.Method.invoke(Method.java:498)
at org.testng.internal.MethodInvocationHelper.invokeMethod(MethodInvocationHelper.java:124)
at org.testng.internal.Invoker.invokeMethod(Invoker.java:583)
at org.testng.internal.Invoker.invokeTestMethod(Invoker.java:719)
at org.testng.internal.Invoker.invokeTestMethods(Invoker.java:989)
at org.testng.internal.TestMethodWorker.invokeTestMethods(TestMethodWorker.java:125)
at org.testng.internal.TestMethodWorker.run(TestMethodWorker.java:109)
at org.testng.TestRunner.privateRun(TestRunner.java:648)
at org.testng.TestRunner.run(TestRunner.java:505)
at org.testng.SuiteRunner.runTest(SuiteRunner.java:455)
at org.testng.SuiteRunner.runSequentially(SuiteRunner.java:450)
at org.testng.SuiteRunner.privateRun(SuiteRunner.java:415)
at org.testng.SuiteRunner.run(SuiteRunner.java:364)
at org.testng.SuiteRunnerWorker.runSuite(SuiteRunnerWorker.java:52)
at org.testng.SuiteRunnerWorker.run(SuiteRunnerWorker.java:84)
at org.testng.TestNG.runSuitesSequentially(TestNG.java:1208)
at org.testng.TestNG.runSuitesLocally(TestNG.java:1137)
at org.testng.TestNG.runSuites(TestNG.java:1049)
at org.testng.TestNG.run(TestNG.java:1017)
at org.apache.maven.surefire.testng.TestNGExecutor.run(TestNGExecutor.java:283)
at org.apache.maven.surefire.testng.TestNGXmlTestSuite.execute(TestNGXmlTestSuite.java:75)
at org.apache.maven.surefire.testng.TestNGProvider.invoke(TestNGProvider.java:120)
at org.apache.maven.surefire.booter.ForkedBooter.invokeProviderInSameClassLoader(ForkedBooter.java:384)
at org.apache.maven.surefire.booter.ForkedBooter.runSuitesInProcess(ForkedBooter.java:345)
at org.apache.maven.surefire.booter.ForkedBooter.execute(ForkedBooter.java:126)
at org.apache.maven.surefire.booter.ForkedBooter.main(ForkedBooter.java:418)
]]>
            </full-stacktrace>
          </exception> <!-- java.lang.AssertionError -->
          <reporter-output>
          </reporter-output>
        </test-method> <!-- deleteEmployee -->
      </class> <!-- TestCases.DeleteEmployeeTest -->
      <class name="TestCases.CreateNewEmployeeTest">
        <test-method status="PASS" signature="Setup()[pri:0, instance:TestCases.CreateNewEmployeeTest@27c20538]" name="Setup" is-config="true" duration-ms="359" started-at="2019-08-04T13:45:38Z" finished-at="2019-08-04T13:45:38Z">
          <reporter-output>
          </reporter-output>
        </test-method> <!-- Setup -->
        <test-method status="PASS" signature="CreateEmployee()[pri:1, instance:TestCases.CreateNewEmployeeTest@27c20538]" name="CreateEmployee" duration-ms="2823" started-at="2019-08-04T13:45:38Z" description="Create New Employee data." finished-at="2019-08-04T13:45:41Z">
          <reporter-output>
          </reporter-output>
        </test-method> <!-- CreateEmployee -->
      </class> <!-- TestCases.CreateNewEmployeeTest -->
      <class name="TestCases.UpdateEmployeeTest">
        <test-method status="PASS" signature="Setup()[pri:0, instance:TestCases.UpdateEmployeeTest@6e06451e]" name="Setup" is-config="true" duration-ms="1" started-at="2019-08-04T13:45:42Z" finished-at="2019-08-04T13:45:42Z">
          <reporter-output>
          </reporter-output>
        </test-method> <!-- Setup -->
        <test-method status="PASS" signature="UpdateEmployee()[pri:1, instance:TestCases.UpdateEmployeeTest@6e06451e]" name="UpdateEmployee" duration-ms="749" started-at="2019-08-04T13:45:42Z" description="Update an employee details." finished-at="2019-08-04T13:45:43Z">
          <reporter-output>
          </reporter-output>
        </test-method> <!-- UpdateEmployee -->
      </class> <!-- TestCases.UpdateEmployeeTest -->
      <class name="TestCases.GetSingleEmployeeTest">
        <test-method status="PASS" signature="Setup()[pri:0, instance:TestCases.GetSingleEmployeeTest@72d818d1]" name="Setup" is-config="true" duration-ms="1" started-at="2019-08-04T13:45:41Z" finished-at="2019-08-04T13:45:41Z">
          <reporter-output>
          </reporter-output>
        </test-method> <!-- Setup -->
        <test-method status="PASS" signature="getEmployeeDetails()[pri:1, instance:TestCases.GetSingleEmployeeTest@72d818d1]" name="getEmployeeDetails" duration-ms="836" started-at="2019-08-04T13:45:41Z" description="Fetch only one entry by this Function." finished-at="2019-08-04T13:45:42Z">
          <reporter-output>
          </reporter-output>
        </test-method> <!-- getEmployeeDetails -->
      </class> <!-- TestCases.GetSingleEmployeeTest -->
    </test> <!-- API AUTOMATION TASK -->
  </suite> <!-- API AUTOMATION PROJECT -->
</testng-results>
